Traceback (most recent call last):
  File "/Users/anishanand/.pyenv/versions/3.10.13/lib/python3.10/site-packages/sklearn/utils/_encode.py", line 235, in _encode
    return _map_to_integer(values, uniques)
  File "/Users/anishanand/.pyenv/versions/3.10.13/lib/python3.10/site-packages/sklearn/utils/_encode.py", line 174, in _map_to_integer
    return xp.asarray([table[v] for v in values], device=device(values))
  File "/Users/anishanand/.pyenv/versions/3.10.13/lib/python3.10/site-packages/sklearn/utils/_encode.py", line 174, in <listcomp>
    return xp.asarray([table[v] for v in values], device=device(values))
  File "/Users/anishanand/.pyenv/versions/3.10.13/lib/python3.10/site-packages/sklearn/utils/_encode.py", line 167, in __missing__
    raise KeyError(key)
KeyError: 'High'

During handling of the above exception, another exception occurred:

Traceback (most recent call last):
  File "/Users/anishanand/JeevaFitApp/lightSgd/incremental.py", line 55, in <module>
    incremental_train_sgd(
  File "/Users/anishanand/JeevaFitApp/lightSgd/incremental.py", line 38, in incremental_train_sgd
    y_new = le_risk.transform(new_df["Risk_Category"])
  File "/Users/anishanand/.pyenv/versions/3.10.13/lib/python3.10/site-packages/sklearn/preprocessing/_label.py", line 134, in transform
    return _encode(y, uniques=self.classes_)
  File "/Users/anishanand/.pyenv/versions/3.10.13/lib/python3.10/site-packages/sklearn/utils/_encode.py", line 237, in _encode
    raise ValueError(f"y contains previously unseen labels: {str(e)}")
ValueError: y contains previously unseen labels: 'High'
[INFO] Current working directory: /Users/anishanand/JeevaFitApp/lightSgd
[INFO] Training started at 2025-05-23 18:54:01.327534
Traceback (most recent call last):
  File "/Users/anishanand/.pyenv/versions/3.10.13/lib/python3.10/site-packages/sklearn/utils/_encode.py", line 235, in _encode
    return _map_to_integer(values, uniques)
  File "/Users/anishanand/.pyenv/versions/3.10.13/lib/python3.10/site-packages/sklearn/utils/_encode.py", line 174, in _map_to_integer
    return xp.asarray([table[v] for v in values], device=device(values))
  File "/Users/anishanand/.pyenv/versions/3.10.13/lib/python3.10/site-packages/sklearn/utils/_encode.py", line 174, in <listcomp>
    return xp.asarray([table[v] for v in values], device=device(values))
  File "/Users/anishanand/.pyenv/versions/3.10.13/lib/python3.10/site-packages/sklearn/utils/_encode.py", line 167, in __missing__
    raise KeyError(key)
KeyError: 'High'

During handling of the above exception, another exception occurred:

Traceback (most recent call last):
  File "/Users/anishanand/JeevaFitApp/lightSgd/incremental.py", line 49, in <module>
    incremental_train_sgd(
  File "/Users/anishanand/JeevaFitApp/lightSgd/incremental.py", line 35, in incremental_train_sgd
    y_new = le_risk.transform(new_df["Risk_Category"])
  File "/Users/anishanand/.pyenv/versions/3.10.13/lib/python3.10/site-packages/sklearn/preprocessing/_label.py", line 134, in transform
    return _encode(y, uniques=self.classes_)
  File "/Users/anishanand/.pyenv/versions/3.10.13/lib/python3.10/site-packages/sklearn/utils/_encode.py", line 237, in _encode
    raise ValueError(f"y contains previously unseen labels: {str(e)}")
ValueError: y contains previously unseen labels: 'High'
[INFO] Current working directory: /Users/anishanand/JeevaFitApp/lightSgd
[INFO] Training started at 2025-05-23 18:56:03.547212
Traceback (most recent call last):
  File "/Users/anishanand/.pyenv/versions/3.10.13/lib/python3.10/site-packages/sklearn/utils/_encode.py", line 235, in _encode
    return _map_to_integer(values, uniques)
  File "/Users/anishanand/.pyenv/versions/3.10.13/lib/python3.10/site-packages/sklearn/utils/_encode.py", line 174, in _map_to_integer
    return xp.asarray([table[v] for v in values], device=device(values))
  File "/Users/anishanand/.pyenv/versions/3.10.13/lib/python3.10/site-packages/sklearn/utils/_encode.py", line 174, in <listcomp>
    return xp.asarray([table[v] for v in values], device=device(values))
  File "/Users/anishanand/.pyenv/versions/3.10.13/lib/python3.10/site-packages/sklearn/utils/_encode.py", line 167, in __missing__
    raise KeyError(key)
KeyError: 'High'

During handling of the above exception, another exception occurred:

Traceback (most recent call last):
  File "/Users/anishanand/JeevaFitApp/lightSgd/incremental.py", line 60, in <module>
    incremental_train_sgd(
  File "/Users/anishanand/JeevaFitApp/lightSgd/incremental.py", line 37, in incremental_train_sgd
    y_new = le_risk.transform(new_df["Risk_Category"])
  File "/Users/anishanand/.pyenv/versions/3.10.13/lib/python3.10/site-packages/sklearn/preprocessing/_label.py", line 134, in transform
    return _encode(y, uniques=self.classes_)
  File "/Users/anishanand/.pyenv/versions/3.10.13/lib/python3.10/site-packages/sklearn/utils/_encode.py", line 237, in _encode
    raise ValueError(f"y contains previously unseen labels: {str(e)}")
ValueError: y contains previously unseen labels: 'High'
[INFO] Current working directory: /Users/anishanand/JeevaFitApp/lightSgd
[INFO] Training started at 2025-05-23 18:58:03.348345
Traceback (most recent call last):
  File "/Users/anishanand/.pyenv/versions/3.10.13/lib/python3.10/site-packages/sklearn/utils/_encode.py", line 235, in _encode
    return _map_to_integer(values, uniques)
  File "/Users/anishanand/.pyenv/versions/3.10.13/lib/python3.10/site-packages/sklearn/utils/_encode.py", line 174, in _map_to_integer
    return xp.asarray([table[v] for v in values], device=device(values))
  File "/Users/anishanand/.pyenv/versions/3.10.13/lib/python3.10/site-packages/sklearn/utils/_encode.py", line 174, in <listcomp>
    return xp.asarray([table[v] for v in values], device=device(values))
  File "/Users/anishanand/.pyenv/versions/3.10.13/lib/python3.10/site-packages/sklearn/utils/_encode.py", line 167, in __missing__
    raise KeyError(key)
KeyError: nan

During handling of the above exception, another exception occurred:

Traceback (most recent call last):
  File "/Users/anishanand/JeevaFitApp/lightSgd/incremental.py", line 60, in <module>
    incremental_train_sgd(
  File "/Users/anishanand/JeevaFitApp/lightSgd/incremental.py", line 37, in incremental_train_sgd
    y_new = le_risk.transform(new_df["Risk_Category"])
  File "/Users/anishanand/.pyenv/versions/3.10.13/lib/python3.10/site-packages/sklearn/preprocessing/_label.py", line 134, in transform
    return _encode(y, uniques=self.classes_)
  File "/Users/anishanand/.pyenv/versions/3.10.13/lib/python3.10/site-packages/sklearn/utils/_encode.py", line 237, in _encode
    raise ValueError(f"y contains previously unseen labels: {str(e)}")
ValueError: y contains previously unseen labels: nan
[INFO] Current working directory: /Users/anishanand/JeevaFitApp/lightSgd
[INFO] Training started at 2025-05-23 19:00:03.169012
Traceback (most recent call last):
  File "/Users/anishanand/.pyenv/versions/3.10.13/lib/python3.10/site-packages/sklearn/utils/_encode.py", line 235, in _encode
    return _map_to_integer(values, uniques)
  File "/Users/anishanand/.pyenv/versions/3.10.13/lib/python3.10/site-packages/sklearn/utils/_encode.py", line 174, in _map_to_integer
    return xp.asarray([table[v] for v in values], device=device(values))
  File "/Users/anishanand/.pyenv/versions/3.10.13/lib/python3.10/site-packages/sklearn/utils/_encode.py", line 174, in <listcomp>
    return xp.asarray([table[v] for v in values], device=device(values))
  File "/Users/anishanand/.pyenv/versions/3.10.13/lib/python3.10/site-packages/sklearn/utils/_encode.py", line 167, in __missing__
    raise KeyError(key)
KeyError: nan

During handling of the above exception, another exception occurred:

Traceback (most recent call last):
  File "/Users/anishanand/JeevaFitApp/lightSgd/incremental.py", line 60, in <module>
    incremental_train_sgd(
  File "/Users/anishanand/JeevaFitApp/lightSgd/incremental.py", line 37, in incremental_train_sgd
    y_new = le_risk.transform(new_df["Risk_Category"])
  File "/Users/anishanand/.pyenv/versions/3.10.13/lib/python3.10/site-packages/sklearn/preprocessing/_label.py", line 134, in transform
    return _encode(y, uniques=self.classes_)
  File "/Users/anishanand/.pyenv/versions/3.10.13/lib/python3.10/site-packages/sklearn/utils/_encode.py", line 237, in _encode
    raise ValueError(f"y contains previously unseen labels: {str(e)}")
ValueError: y contains previously unseen labels: nan
[INFO] Current working directory: /Users/anishanand/JeevaFitApp/lightSgd
[INFO] Training started at 2025-05-23 19:02:03.062467
Traceback (most recent call last):
  File "/Users/anishanand/.pyenv/versions/3.10.13/lib/python3.10/site-packages/sklearn/utils/_encode.py", line 235, in _encode
    return _map_to_integer(values, uniques)
  File "/Users/anishanand/.pyenv/versions/3.10.13/lib/python3.10/site-packages/sklearn/utils/_encode.py", line 174, in _map_to_integer
    return xp.asarray([table[v] for v in values], device=device(values))
  File "/Users/anishanand/.pyenv/versions/3.10.13/lib/python3.10/site-packages/sklearn/utils/_encode.py", line 174, in <listcomp>
    return xp.asarray([table[v] for v in values], device=device(values))
  File "/Users/anishanand/.pyenv/versions/3.10.13/lib/python3.10/site-packages/sklearn/utils/_encode.py", line 167, in __missing__
    raise KeyError(key)
KeyError: nan

During handling of the above exception, another exception occurred:

Traceback (most recent call last):
  File "/Users/anishanand/JeevaFitApp/lightSgd/incremental.py", line 60, in <module>
    incremental_train_sgd(
  File "/Users/anishanand/JeevaFitApp/lightSgd/incremental.py", line 37, in incremental_train_sgd
    y_new = le_risk.transform(new_df["Risk_Category"])
  File "/Users/anishanand/.pyenv/versions/3.10.13/lib/python3.10/site-packages/sklearn/preprocessing/_label.py", line 134, in transform
    return _encode(y, uniques=self.classes_)
  File "/Users/anishanand/.pyenv/versions/3.10.13/lib/python3.10/site-packages/sklearn/utils/_encode.py", line 237, in _encode
    raise ValueError(f"y contains previously unseen labels: {str(e)}")
ValueError: y contains previously unseen labels: nan
[INFO] Current working directory: /Users/anishanand/JeevaFitApp/lightSgd
[INFO] Training started at 2025-05-23 19:04:03.038870
Traceback (most recent call last):
  File "/Users/anishanand/.pyenv/versions/3.10.13/lib/python3.10/site-packages/pandas/core/indexes/base.py", line 3805, in get_loc
    return self._engine.get_loc(casted_key)
  File "index.pyx", line 167, in pandas._libs.index.IndexEngine.get_loc
  File "index.pyx", line 196, in pandas._libs.index.IndexEngine.get_loc
  File "pandas/_libs/hashtable_class_helper.pxi", line 7081, in pandas._libs.hashtable.PyObjectHashTable.get_item
  File "pandas/_libs/hashtable_class_helper.pxi", line 7089, in pandas._libs.hashtable.PyObjectHashTable.get_item
KeyError: 'Risk_Category'

The above exception was the direct cause of the following exception:

Traceback (most recent call last):
  File "/Users/anishanand/JeevaFitApp/lightSgd/incremental.py", line 60, in <module>
    incremental_train_sgd(
  File "/Users/anishanand/JeevaFitApp/lightSgd/incremental.py", line 37, in incremental_train_sgd
    y_new = le_risk.transform(new_df["Risk_Category"])
  File "/Users/anishanand/.pyenv/versions/3.10.13/lib/python3.10/site-packages/pandas/core/frame.py", line 4102, in __getitem__
    indexer = self.columns.get_loc(key)
  File "/Users/anishanand/.pyenv/versions/3.10.13/lib/python3.10/site-packages/pandas/core/indexes/base.py", line 3812, in get_loc
    raise KeyError(key) from err
KeyError: 'Risk_Category'
[INFO] Current working directory: /Users/anishanand/JeevaFitApp/lightSgd
[INFO] Training started at 2025-05-23 19:06:02.561025
Traceback (most recent call last):
  File "/Users/anishanand/.pyenv/versions/3.10.13/lib/python3.10/site-packages/pandas/core/indexes/base.py", line 3805, in get_loc
    return self._engine.get_loc(casted_key)
  File "index.pyx", line 167, in pandas._libs.index.IndexEngine.get_loc
  File "index.pyx", line 196, in pandas._libs.index.IndexEngine.get_loc
  File "pandas/_libs/hashtable_class_helper.pxi", line 7081, in pandas._libs.hashtable.PyObjectHashTable.get_item
  File "pandas/_libs/hashtable_class_helper.pxi", line 7089, in pandas._libs.hashtable.PyObjectHashTable.get_item
KeyError: 'Risk_Category'

The above exception was the direct cause of the following exception:

Traceback (most recent call last):
  File "/Users/anishanand/JeevaFitApp/lightSgd/incremental.py", line 60, in <module>
    incremental_train_sgd(
  File "/Users/anishanand/JeevaFitApp/lightSgd/incremental.py", line 37, in incremental_train_sgd
    y_new = le_risk.transform(new_df["Risk_Category"])
  File "/Users/anishanand/.pyenv/versions/3.10.13/lib/python3.10/site-packages/pandas/core/frame.py", line 4102, in __getitem__
    indexer = self.columns.get_loc(key)
  File "/Users/anishanand/.pyenv/versions/3.10.13/lib/python3.10/site-packages/pandas/core/indexes/base.py", line 3812, in get_loc
    raise KeyError(key) from err
KeyError: 'Risk_Category'
[INFO] Current working directory: /Users/anishanand/JeevaFitApp/lightSgd
[INFO] Training started at 2025-05-23 19:08:03.285071
Traceback (most recent call last):
  File "/Users/anishanand/.pyenv/versions/3.10.13/lib/python3.10/site-packages/sklearn/utils/_encode.py", line 235, in _encode
    return _map_to_integer(values, uniques)
  File "/Users/anishanand/.pyenv/versions/3.10.13/lib/python3.10/site-packages/sklearn/utils/_encode.py", line 174, in _map_to_integer
    return xp.asarray([table[v] for v in values], device=device(values))
  File "/Users/anishanand/.pyenv/versions/3.10.13/lib/python3.10/site-packages/sklearn/utils/_encode.py", line 174, in <listcomp>
    return xp.asarray([table[v] for v in values], device=device(values))
  File "/Users/anishanand/.pyenv/versions/3.10.13/lib/python3.10/site-packages/sklearn/utils/_encode.py", line 167, in __missing__
    raise KeyError(key)
KeyError: nan

During handling of the above exception, another exception occurred:

Traceback (most recent call last):
  File "/Users/anishanand/JeevaFitApp/lightSgd/incremental.py", line 60, in <module>
    incremental_train_sgd(
  File "/Users/anishanand/JeevaFitApp/lightSgd/incremental.py", line 37, in incremental_train_sgd
    y_new = le_risk.transform(new_df["Risk_Category"])
  File "/Users/anishanand/.pyenv/versions/3.10.13/lib/python3.10/site-packages/sklearn/preprocessing/_label.py", line 134, in transform
    return _encode(y, uniques=self.classes_)
  File "/Users/anishanand/.pyenv/versions/3.10.13/lib/python3.10/site-packages/sklearn/utils/_encode.py", line 237, in _encode
    raise ValueError(f"y contains previously unseen labels: {str(e)}")
ValueError: y contains previously unseen labels: nan
[INFO] Current working directory: /Users/anishanand/JeevaFitApp/lightSgd
[INFO] Training started at 2025-05-23 19:10:03.241161
Traceback (most recent call last):
  File "/Users/anishanand/.pyenv/versions/3.10.13/lib/python3.10/site-packages/sklearn/utils/_encode.py", line 235, in _encode
    return _map_to_integer(values, uniques)
  File "/Users/anishanand/.pyenv/versions/3.10.13/lib/python3.10/site-packages/sklearn/utils/_encode.py", line 174, in _map_to_integer
    return xp.asarray([table[v] for v in values], device=device(values))
  File "/Users/anishanand/.pyenv/versions/3.10.13/lib/python3.10/site-packages/sklearn/utils/_encode.py", line 174, in <listcomp>
    return xp.asarray([table[v] for v in values], device=device(values))
  File "/Users/anishanand/.pyenv/versions/3.10.13/lib/python3.10/site-packages/sklearn/utils/_encode.py", line 167, in __missing__
    raise KeyError(key)
KeyError: nan

During handling of the above exception, another exception occurred:

Traceback (most recent call last):
  File "/Users/anishanand/JeevaFitApp/lightSgd/incremental.py", line 60, in <module>
    incremental_train_sgd(
  File "/Users/anishanand/JeevaFitApp/lightSgd/incremental.py", line 37, in incremental_train_sgd
    y_new = le_risk.transform(new_df["Risk_Category"])
  File "/Users/anishanand/.pyenv/versions/3.10.13/lib/python3.10/site-packages/sklearn/preprocessing/_label.py", line 134, in transform
    return _encode(y, uniques=self.classes_)
  File "/Users/anishanand/.pyenv/versions/3.10.13/lib/python3.10/site-packages/sklearn/utils/_encode.py", line 237, in _encode
    raise ValueError(f"y contains previously unseen labels: {str(e)}")
ValueError: y contains previously unseen labels: nan
[INFO] Current working directory: /Users/anishanand/JeevaFitApp/lightSgd
[INFO] Training started at 2025-05-23 19:12:03.017043
Traceback (most recent call last):
  File "/Users/anishanand/.pyenv/versions/3.10.13/lib/python3.10/site-packages/sklearn/utils/_encode.py", line 235, in _encode
    return _map_to_integer(values, uniques)
  File "/Users/anishanand/.pyenv/versions/3.10.13/lib/python3.10/site-packages/sklearn/utils/_encode.py", line 174, in _map_to_integer
    return xp.asarray([table[v] for v in values], device=device(values))
  File "/Users/anishanand/.pyenv/versions/3.10.13/lib/python3.10/site-packages/sklearn/utils/_encode.py", line 174, in <listcomp>
    return xp.asarray([table[v] for v in values], device=device(values))
  File "/Users/anishanand/.pyenv/versions/3.10.13/lib/python3.10/site-packages/sklearn/utils/_encode.py", line 167, in __missing__
    raise KeyError(key)
KeyError: nan

During handling of the above exception, another exception occurred:

Traceback (most recent call last):
  File "/Users/anishanand/JeevaFitApp/lightSgd/incremental.py", line 60, in <module>
    incremental_train_sgd(
  File "/Users/anishanand/JeevaFitApp/lightSgd/incremental.py", line 37, in incremental_train_sgd
    y_new = le_risk.transform(new_df["Risk_Category"])
  File "/Users/anishanand/.pyenv/versions/3.10.13/lib/python3.10/site-packages/sklearn/preprocessing/_label.py", line 134, in transform
    return _encode(y, uniques=self.classes_)
  File "/Users/anishanand/.pyenv/versions/3.10.13/lib/python3.10/site-packages/sklearn/utils/_encode.py", line 237, in _encode
    raise ValueError(f"y contains previously unseen labels: {str(e)}")
ValueError: y contains previously unseen labels: nan
[INFO] Current working directory: /Users/anishanand/JeevaFitApp/lightSgd
[INFO] Training started at 2025-05-23 19:14:02.859371
Traceback (most recent call last):
  File "/Users/anishanand/JeevaFitApp/lightSgd/incremental.py", line 62, in <module>
    incremental_train_sgd(
  File "/Users/anishanand/JeevaFitApp/lightSgd/incremental.py", line 13, in incremental_train_sgd
    new_df.columns = [col.replace(" ", "_") for col in new_df.columns]
UnboundLocalError: local variable 'new_df' referenced before assignment
[INFO] Current working directory: /Users/anishanand/JeevaFitApp/lightSgd
[INFO] Training started at 2025-05-23 19:16:02.668912
Traceback (most recent call last):
  File "/Users/anishanand/JeevaFitApp/lightSgd/incremental.py", line 62, in <module>
    incremental_train_sgd(
  File "/Users/anishanand/JeevaFitApp/lightSgd/incremental.py", line 13, in incremental_train_sgd
    new_df.columns = [col.replace(" ", "_") for col in new_df.columns]
UnboundLocalError: local variable 'new_df' referenced before assignment
[INFO] Current working directory: /Users/anishanand/JeevaFitApp/lightSgd
[INFO] Training started at 2025-05-23 19:18:03.650757
Traceback (most recent call last):
  File "/Users/anishanand/JeevaFitApp/lightSgd/incremental.py", line 62, in <module>
    incremental_train_sgd(
  File "/Users/anishanand/JeevaFitApp/lightSgd/incremental.py", line 13, in incremental_train_sgd
    new_df.columns = [col.replace(" ", "_") for col in new_df.columns]
UnboundLocalError: local variable 'new_df' referenced before assignment
[INFO] Current working directory: /Users/anishanand/JeevaFitApp/lightSgd
[INFO] Training started at 2025-05-23 19:20:03.557786
Traceback (most recent call last):
  File "/Users/anishanand/.pyenv/versions/3.10.13/lib/python3.10/site-packages/sklearn/utils/_encode.py", line 235, in _encode
    return _map_to_integer(values, uniques)
  File "/Users/anishanand/.pyenv/versions/3.10.13/lib/python3.10/site-packages/sklearn/utils/_encode.py", line 174, in _map_to_integer
    return xp.asarray([table[v] for v in values], device=device(values))
  File "/Users/anishanand/.pyenv/versions/3.10.13/lib/python3.10/site-packages/sklearn/utils/_encode.py", line 174, in <listcomp>
    return xp.asarray([table[v] for v in values], device=device(values))
  File "/Users/anishanand/.pyenv/versions/3.10.13/lib/python3.10/site-packages/sklearn/utils/_encode.py", line 167, in __missing__
    raise KeyError(key)
KeyError: nan

During handling of the above exception, another exception occurred:

Traceback (most recent call last):
  File "/Users/anishanand/JeevaFitApp/lightSgd/incremental.py", line 62, in <module>
    incremental_train_sgd(
  File "/Users/anishanand/JeevaFitApp/lightSgd/incremental.py", line 39, in incremental_train_sgd
    y_new = le_risk.transform(new_df["Risk_Category"])
  File "/Users/anishanand/.pyenv/versions/3.10.13/lib/python3.10/site-packages/sklearn/preprocessing/_label.py", line 134, in transform
    return _encode(y, uniques=self.classes_)
  File "/Users/anishanand/.pyenv/versions/3.10.13/lib/python3.10/site-packages/sklearn/utils/_encode.py", line 237, in _encode
    raise ValueError(f"y contains previously unseen labels: {str(e)}")
ValueError: y contains previously unseen labels: nan
[INFO] Current working directory: /Users/anishanand/JeevaFitApp/lightSgd
[INFO] Training started at 2025-05-23 19:22:03.457334
Traceback (most recent call last):
  File "/Users/anishanand/.pyenv/versions/3.10.13/lib/python3.10/site-packages/sklearn/utils/_encode.py", line 235, in _encode
    return _map_to_integer(values, uniques)
  File "/Users/anishanand/.pyenv/versions/3.10.13/lib/python3.10/site-packages/sklearn/utils/_encode.py", line 174, in _map_to_integer
    return xp.asarray([table[v] for v in values], device=device(values))
  File "/Users/anishanand/.pyenv/versions/3.10.13/lib/python3.10/site-packages/sklearn/utils/_encode.py", line 174, in <listcomp>
    return xp.asarray([table[v] for v in values], device=device(values))
  File "/Users/anishanand/.pyenv/versions/3.10.13/lib/python3.10/site-packages/sklearn/utils/_encode.py", line 167, in __missing__
    raise KeyError(key)
KeyError: nan

During handling of the above exception, another exception occurred:

Traceback (most recent call last):
  File "/Users/anishanand/JeevaFitApp/lightSgd/incremental.py", line 62, in <module>
    incremental_train_sgd(
  File "/Users/anishanand/JeevaFitApp/lightSgd/incremental.py", line 39, in incremental_train_sgd
    y_new = le_risk.transform(new_df["Risk_Category"])
  File "/Users/anishanand/.pyenv/versions/3.10.13/lib/python3.10/site-packages/sklearn/preprocessing/_label.py", line 134, in transform
    return _encode(y, uniques=self.classes_)
  File "/Users/anishanand/.pyenv/versions/3.10.13/lib/python3.10/site-packages/sklearn/utils/_encode.py", line 237, in _encode
    raise ValueError(f"y contains previously unseen labels: {str(e)}")
ValueError: y contains previously unseen labels: nan
[INFO] Current working directory: /Users/anishanand/JeevaFitApp/lightSgd
[INFO] Training started at 2025-05-23 19:24:03.412277
[INFO] Unique labels in new data: ['High Risk']
Traceback (most recent call last):
  File "/Users/anishanand/JeevaFitApp/lightSgd/incremental.py", line 97, in <module>
    incremental_train_sgd(
  File "/Users/anishanand/JeevaFitApp/lightSgd/incremental.py", line 77, in incremental_train_sgd
    sgd_model.partial_fit(X_new_scaled, y_new, classes=classes)
  File "/Users/anishanand/.pyenv/versions/3.10.13/lib/python3.10/site-packages/sklearn/base.py", line 1389, in wrapper
    return fit_method(estimator, *args, **kwargs)
  File "/Users/anishanand/.pyenv/versions/3.10.13/lib/python3.10/site-packages/sklearn/linear_model/_stochastic_gradient.py", line 875, in partial_fit
    raise ValueError(
ValueError: class_weight 'balanced' is not supported for partial_fit. In order to use 'balanced' weights, use compute_class_weight('balanced', classes=classes, y=y). In place of y you can use a large enough sample of the full training set target to properly estimate the class frequency distributions. Pass the resulting weights as the class_weight parameter.
[INFO] Current working directory: /Users/anishanand/JeevaFitApp/lightSgd
[INFO] Training started at 2025-05-23 19:26:03.258675
[INFO] Unique labels in new data: ['High Risk']
Traceback (most recent call last):
  File "/Users/anishanand/JeevaFitApp/lightSgd/incremental.py", line 97, in <module>
    incremental_train_sgd(
  File "/Users/anishanand/JeevaFitApp/lightSgd/incremental.py", line 77, in incremental_train_sgd
    sgd_model.partial_fit(X_new_scaled, y_new, classes=classes)
  File "/Users/anishanand/.pyenv/versions/3.10.13/lib/python3.10/site-packages/sklearn/base.py", line 1389, in wrapper
    return fit_method(estimator, *args, **kwargs)
  File "/Users/anishanand/.pyenv/versions/3.10.13/lib/python3.10/site-packages/sklearn/linear_model/_stochastic_gradient.py", line 875, in partial_fit
    raise ValueError(
ValueError: class_weight 'balanced' is not supported for partial_fit. In order to use 'balanced' weights, use compute_class_weight('balanced', classes=classes, y=y). In place of y you can use a large enough sample of the full training set target to properly estimate the class frequency distributions. Pass the resulting weights as the class_weight parameter.
[INFO] Current working directory: /Users/anishanand/JeevaFitApp/lightSgd
[INFO] Training started at 2025-05-23 19:28:02.880044
[ERROR] Label encoding error: y contains previously unseen labels: 'nan'
[INFO] Current working directory: /Users/anishanand/JeevaFitApp/lightSgd
[INFO] Training started at 2025-05-23 19:30:02.807965
[ERROR] Label encoding error: y contains previously unseen labels: 'nan'
[INFO] Current working directory: /Users/anishanand/JeevaFitApp/lightSgd
[INFO] Training started at 2025-05-23 19:32:02.812250
[ERROR] Label encoding error: y contains previously unseen labels: 'nan'
[INFO] Current working directory: /Users/anishanand/JeevaFitApp/lightSgd
[INFO] Training started at 2025-05-23 19:34:02.714361
[ERROR] Label encoding error: y contains previously unseen labels: 'nan'
[INFO] Current working directory: /Users/anishanand/JeevaFitApp/lightSgd
[INFO] Training started at 2025-05-23 19:36:01.856215
[ERROR] Label encoding error: y contains previously unseen labels: 'nan'
[INFO] Current working directory: /Users/anishanand/JeevaFitApp/lightSgd
[INFO] Training started at 2025-05-23 19:38:02.830098
[ERROR] Label encoding error: y contains previously unseen labels: 'nan'
[INFO] Current working directory: /Users/anishanand/JeevaFitApp/lightSgd
[INFO] Training started at 2025-05-23 19:40:03.258712
[ERROR] Label encoding error: y contains previously unseen labels: 'nan'
[INFO] Current working directory: /Users/anishanand/JeevaFitApp/lightSgd
[INFO] Training started at 2025-05-23 19:42:02.845272
[ERROR] Label encoding error: y contains previously unseen labels: 'nan'
[INFO] Current working directory: /Users/anishanand/JeevaFitApp/lightSgd
[INFO] Training started at 2025-05-23 19:44:02.730502
[ERROR] Label encoding error: y contains previously unseen labels: 'nan'
[INFO] Current working directory: /Users/anishanand/JeevaFitApp/lightSgd
[INFO] Training started at 2025-05-23 19:46:02.634686
[ERROR] Label encoding error: y contains previously unseen labels: 'nan'
[INFO] Current working directory: /Users/anishanand/JeevaFitApp/lightSgd
[INFO] Training started at 2025-05-23 19:48:03.355713
[ERROR] Unseen Risk_Category labels found in new data: {'nan'}. Exiting.
[INFO] Current working directory: /Users/anishanand/JeevaFitApp/lightSgd
[INFO] Training started at 2025-05-23 19:50:03.241580
[ERROR] Unseen Risk_Category labels found in new data: {'nan'}. Exiting.
[INFO] Current working directory: /Users/anishanand/JeevaFitApp/lightSgd
[INFO] Training started at 2025-05-23 19:52:03.111946
[ERROR] Unseen Risk_Category labels found in new data: {'nan'}. Exiting.
[INFO] Current working directory: /Users/anishanand/JeevaFitApp/lightSgd
[INFO] Training started at 2025-05-23 19:54:03.001836
[ERROR] Unseen Risk_Category labels found in new data: {'nan'}. Exiting.
[INFO] Current working directory: /Users/anishanand/JeevaFitApp/lightSgd
[INFO] Training started at 2025-05-23 19:56:03.064711
[ERROR] Unseen Risk_Category labels found in new data: {'nan'}. Exiting.
[INFO] Current working directory: /Users/anishanand/JeevaFitApp/lightSgd
[INFO] Training started at 2025-05-23 19:58:02.967134
[INFO] Accuracy on incremental batch: 1.0000
Traceback (most recent call last):
  File "/Users/anishanand/JeevaFitApp/lightSgd/incremental.py", line 118, in <module>
    incremental_train_sgd(
  File "/Users/anishanand/JeevaFitApp/lightSgd/incremental.py", line 108, in incremental_train_sgd
    report = classification_report(y_new, y_pred, target_names=le_risk.classes_)
  File "/Users/anishanand/.pyenv/versions/3.10.13/lib/python3.10/site-packages/sklearn/utils/_param_validation.py", line 216, in wrapper
    return func(*args, **kwargs)
  File "/Users/anishanand/.pyenv/versions/3.10.13/lib/python3.10/site-packages/sklearn/metrics/_classification.py", line 2693, in classification_report
    raise ValueError(
ValueError: Number of classes, 1, does not match size of target_names, 2. Try specifying the labels parameter
[INFO] Current working directory: /Users/anishanand/JeevaFitApp/lightSgd
[INFO] Training started at 2025-05-23 20:00:03.017625
[INFO] Accuracy on incremental batch: 1.0000
Traceback (most recent call last):
  File "/Users/anishanand/JeevaFitApp/lightSgd/incremental.py", line 118, in <module>
    incremental_train_sgd(
  File "/Users/anishanand/JeevaFitApp/lightSgd/incremental.py", line 108, in incremental_train_sgd
    report = classification_report(y_new, y_pred, target_names=le_risk.classes_)
  File "/Users/anishanand/.pyenv/versions/3.10.13/lib/python3.10/site-packages/sklearn/utils/_param_validation.py", line 216, in wrapper
    return func(*args, **kwargs)
  File "/Users/anishanand/.pyenv/versions/3.10.13/lib/python3.10/site-packages/sklearn/metrics/_classification.py", line 2693, in classification_report
    raise ValueError(
ValueError: Number of classes, 1, does not match size of target_names, 2. Try specifying the labels parameter
[INFO] Current working directory: /Users/anishanand/JeevaFitApp/lightSgd
[INFO] Training started at 2025-05-23 20:02:03.120992
[INFO] Accuracy on incremental batch: 1.0000
[INFO] Classification Report on incremental batch:
              precision    recall  f1-score   support

   High Risk       1.00      1.00      1.00         7
    Low Risk       1.00      1.00      1.00         5

    accuracy                           1.00        12
   macro avg       1.00      1.00      1.00        12
weighted avg       1.00      1.00      1.00        12

[INFO] Incrementally trained SGD model with 12 new samples.
[INFO] Training finished at 2025-05-23 20:02:03.306826
[INFO] Current working directory: /Users/anishanand/JeevaFitApp/lightSgd
[INFO] Training started at 2025-05-23 20:04:03.215622
[INFO] Accuracy on incremental batch: 1.0000
[INFO] Classification Report on incremental batch:
              precision    recall  f1-score   support

   High Risk       1.00      1.00      1.00         7
    Low Risk       1.00      1.00      1.00         5

    accuracy                           1.00        12
   macro avg       1.00      1.00      1.00        12
weighted avg       1.00      1.00      1.00        12

[INFO] Incrementally trained SGD model with 12 new samples.
[INFO] Training finished at 2025-05-23 20:04:03.404758
[INFO] Current working directory: /Users/anishanand/JeevaFitApp/lightSgd
[INFO] Training started at 2025-05-23 20:06:02.995018
[INFO] Accuracy on incremental batch: 1.0000
[INFO] Classification Report on incremental batch:
              precision    recall  f1-score   support

   High Risk       1.00      1.00      1.00         7
    Low Risk       1.00      1.00      1.00         5

    accuracy                           1.00        12
   macro avg       1.00      1.00      1.00        12
weighted avg       1.00      1.00      1.00        12

[INFO] Incrementally trained SGD model with 12 new samples.
[INFO] Training finished at 2025-05-23 20:06:03.162759
[INFO] Current working directory: /Users/anishanand
[INFO] Training started at 2025-05-23 22:00:03.128822
[INFO] Accuracy on incremental batch: 1.0000
[INFO] Classification Report on incremental batch:
              precision    recall  f1-score   support

   High Risk       1.00      1.00      1.00         7
    Low Risk       1.00      1.00      1.00         5

    accuracy                           1.00        12
   macro avg       1.00      1.00      1.00        12
weighted avg       1.00      1.00      1.00        12

[INFO] Incrementally trained SGD model with 12 new samples.
[INFO] Training finished at 2025-05-23 22:00:03.337296
[INFO] Current working directory: /Users/anishanand
[INFO] Training started at 2025-05-24 22:00:02.920732
[INFO] Accuracy on incremental batch: 1.0000
[INFO] Classification Report on incremental batch:
              precision    recall  f1-score   support

   High Risk       1.00      1.00      1.00         7
    Low Risk       1.00      1.00      1.00         5

    accuracy                           1.00        12
   macro avg       1.00      1.00      1.00        12
weighted avg       1.00      1.00      1.00        12

[INFO] Incrementally trained SGD model with 12 new samples.
[INFO] Training finished at 2025-05-24 22:00:03.129372
[INFO] Current working directory: /Users/anishanand
[INFO] Training started at 2025-05-25 22:00:03.606418
[INFO] Accuracy on incremental batch: 1.0000
[INFO] Classification Report on incremental batch:
              precision    recall  f1-score   support

   High Risk       1.00      1.00      1.00         7
    Low Risk       1.00      1.00      1.00         5

    accuracy                           1.00        12
   macro avg       1.00      1.00      1.00        12
weighted avg       1.00      1.00      1.00        12

[INFO] Incrementally trained SGD model with 12 new samples.
[INFO] Training finished at 2025-05-25 22:00:03.818597
[INFO] Current working directory: /Users/anishanand
[INFO] Training started at 2025-05-26 18:08:04.542827
[INFO] Accuracy on incremental batch: 1.0000
[INFO] Classification Report on incremental batch:
              precision    recall  f1-score   support

   High Risk       1.00      1.00      1.00         7
    Low Risk       1.00      1.00      1.00         5

    accuracy                           1.00        12
   macro avg       1.00      1.00      1.00        12
weighted avg       1.00      1.00      1.00        12

[INFO] Incrementally trained SGD model with 12 new samples.
[INFO] Training finished at 2025-05-26 18:08:04.761929
[INFO] Current working directory: /Users/anishanand
[INFO] Training started at 2025-05-26 18:10:03.416755
[INFO] Accuracy on incremental batch: 1.0000
[INFO] Classification Report on incremental batch:
              precision    recall  f1-score   support

   High Risk       1.00      1.00      1.00         7
    Low Risk       1.00      1.00      1.00         5

    accuracy                           1.00        12
   macro avg       1.00      1.00      1.00        12
weighted avg       1.00      1.00      1.00        12

[INFO] Incrementally trained SGD model with 12 new samples.
[INFO] Training finished at 2025-05-26 18:10:03.604192
[INFO] Current working directory: /Users/anishanand
[INFO] Training started at 2025-05-26 18:12:04.660530
[INFO] Accuracy on incremental batch: 1.0000
[INFO] Classification Report on incremental batch:
              precision    recall  f1-score   support

   High Risk       1.00      1.00      1.00         7
    Low Risk       1.00      1.00      1.00         5

    accuracy                           1.00        12
   macro avg       1.00      1.00      1.00        12
weighted avg       1.00      1.00      1.00        12

[INFO] Incrementally trained SGD model with 12 new samples.
[INFO] Training finished at 2025-05-26 18:12:04.884669
[INFO] Current working directory: /Users/anishanand
[INFO] Training started at 2025-05-26 18:14:03.878345
[DEBUG] Rows before filtering Risk_Category: 50
[DEBUG] Rows after filtering Risk_Category: 12
[INFO] Accuracy on incremental batch: 1.0000
[INFO] Classification Report on incremental batch:
              precision    recall  f1-score   support

   High Risk       1.00      1.00      1.00         7
    Low Risk       1.00      1.00      1.00         5

    accuracy                           1.00        12
   macro avg       1.00      1.00      1.00        12
weighted avg       1.00      1.00      1.00        12

[INFO] Incrementally trained SGD model with 12 new samples.
[INFO] Training finished at 2025-05-26 18:14:04.087591
[INFO] Current working directory: /Users/anishanand
[INFO] Training started at 2025-05-26 18:16:04.202566
[DEBUG] Rows before filtering Risk_Category: 50
[DEBUG] Rows after filtering Risk_Category: 12
[INFO] Accuracy on incremental batch: 1.0000
[INFO] Classification Report on incremental batch:
              precision    recall  f1-score   support

   High Risk       1.00      1.00      1.00         7
    Low Risk       1.00      1.00      1.00         5

    accuracy                           1.00        12
   macro avg       1.00      1.00      1.00        12
weighted avg       1.00      1.00      1.00        12

[INFO] Incrementally trained SGD model with 12 new samples.
[INFO] Training finished at 2025-05-26 18:16:04.420870
[INFO] Current working directory: /Users/anishanand
[INFO] Training started at 2025-05-26 18:18:04.265152
[DEBUG] Rows before filtering Risk_Category: 50
[DEBUG] Rows after filtering Risk_Category: 12
[INFO] Accuracy on incremental batch: 1.0000
[INFO] Classification Report on incremental batch:
              precision    recall  f1-score   support

   High Risk       1.00      1.00      1.00         7
    Low Risk       1.00      1.00      1.00         5

    accuracy                           1.00        12
   macro avg       1.00      1.00      1.00        12
weighted avg       1.00      1.00      1.00        12

[INFO] Incrementally trained SGD model with 12 new samples.
[INFO] Training finished at 2025-05-26 18:18:04.480614
[INFO] Current working directory: /Users/anishanand
[INFO] Training started at 2025-05-26 18:20:03.925452
[DEBUG] Rows before filtering Risk_Category: 50
== All original Risk_Category values ==
Risk_Category
NaN          38
High Risk     7
Low Risk      5
Name: count, dtype: int64
== After cleaning/stripping ==
Risk_Category
nan          38
High Risk     7
Low Risk      5
Name: count, dtype: int64
[DEBUG] Rows after filtering Risk_Category: 12
[INFO] Accuracy on incremental batch: 1.0000
[INFO] Classification Report on incremental batch:
              precision    recall  f1-score   support

   High Risk       1.00      1.00      1.00         7
    Low Risk       1.00      1.00      1.00         5

    accuracy                           1.00        12
   macro avg       1.00      1.00      1.00        12
weighted avg       1.00      1.00      1.00        12

[INFO] Incrementally trained SGD model with 12 new samples.
[INFO] Training finished at 2025-05-26 18:20:04.107329
[INFO] Current working directory: /Users/anishanand
[INFO] Training started at 2025-05-26 18:22:03.962055
[DEBUG] Rows before filtering Risk_Category: 50
== All original Risk_Category values ==
Risk_Category
NaN          38
High Risk     7
Low Risk      5
Name: count, dtype: int64
== After cleaning/stripping ==
Risk_Category
nan          38
High Risk     7
Low Risk      5
Name: count, dtype: int64
[DEBUG] Rows after filtering Risk_Category: 12
[INFO] Accuracy on incremental batch: 1.0000
[INFO] Classification Report on incremental batch:
              precision    recall  f1-score   support

   High Risk       1.00      1.00      1.00         7
    Low Risk       1.00      1.00      1.00         5

    accuracy                           1.00        12
   macro avg       1.00      1.00      1.00        12
weighted avg       1.00      1.00      1.00        12

[INFO] Incrementally trained SGD model with 12 new samples.
[INFO] Training finished at 2025-05-26 18:22:04.163024
[INFO] Current working directory: /Users/anishanand
[INFO] Training started at 2025-05-26 18:24:04.359826
[DEBUG] Rows before filtering Risk_Category: 50
== All original Risk_Category values ==
Risk_Category
NaN          38
High Risk     7
Low Risk      5
Name: count, dtype: int64
== After cleaning/stripping ==
Risk_Category
nan          38
High Risk     7
Low Risk      5
Name: count, dtype: int64
[DEBUG] Rows after filtering Risk_Category: 12
[INFO] Accuracy on incremental batch: 1.0000
[INFO] Classification Report on incremental batch:
              precision    recall  f1-score   support

   High Risk       1.00      1.00      1.00         7
    Low Risk       1.00      1.00      1.00         5

    accuracy                           1.00        12
   macro avg       1.00      1.00      1.00        12
weighted avg       1.00      1.00      1.00        12

[INFO] Incrementally trained SGD model with 12 new samples.
[INFO] Training finished at 2025-05-26 18:24:04.581667
[INFO] Current working directory: /Users/anishanand
[INFO] Training started at 2025-05-26 18:26:04.398870
[DEBUG] Rows before filtering Risk_Category: 50
== All original Risk_Category values ==
Risk_Category
NaN          38
High Risk     7
Low Risk      5
Name: count, dtype: int64
== After cleaning/stripping ==
Risk_Category
nan          38
High Risk     7
Low Risk      5
Name: count, dtype: int64
[DEBUG] Rows after filtering Risk_Category: 12
[INFO] Accuracy on incremental batch: 1.0000
[INFO] Classification Report on incremental batch:
              precision    recall  f1-score   support

   High Risk       1.00      1.00      1.00         7
    Low Risk       1.00      1.00      1.00         5

    accuracy                           1.00        12
   macro avg       1.00      1.00      1.00        12
weighted avg       1.00      1.00      1.00        12

[INFO] Incrementally trained SGD model with 12 new samples.
[INFO] Training finished at 2025-05-26 18:26:04.620770
[INFO] Current working directory: /Users/anishanand
[INFO] Training started at 2025-05-26 18:28:04.544853
[DEBUG] Rows before filtering Risk_Category: 50
== All original Risk_Category values ==
Risk_Category
NaN          38
High Risk     7
Low Risk      5
Name: count, dtype: int64
== After cleaning/stripping ==
Risk_Category
nan          38
High Risk     7
Low Risk      5
Name: count, dtype: int64
[DEBUG] Rows after filtering Risk_Category: 12
[INFO] Accuracy on incremental batch: 1.0000
[INFO] Classification Report on incremental batch:
              precision    recall  f1-score   support

   High Risk       1.00      1.00      1.00         7
    Low Risk       1.00      1.00      1.00         5

    accuracy                           1.00        12
   macro avg       1.00      1.00      1.00        12
weighted avg       1.00      1.00      1.00        12

[INFO] Incrementally trained SGD model with 12 new samples.
[INFO] Training finished at 2025-05-26 18:28:04.772462
[INFO] Current working directory: /Users/anishanand
[INFO] Training started at 2025-05-26 18:30:04.532183
[DEBUG] Rows before filtering Risk_Category: 51
== All original Risk_Category values ==
Risk_Category
NaN          39
High Risk     7
Low Risk      5
Name: count, dtype: int64
== After cleaning/stripping ==
Risk_Category
nan          39
High Risk     7
Low Risk      5
Name: count, dtype: int64
[DEBUG] Rows after filtering Risk_Category: 12
[INFO] Accuracy on incremental batch: 1.0000
[INFO] Classification Report on incremental batch:
              precision    recall  f1-score   support

   High Risk       1.00      1.00      1.00         7
    Low Risk       1.00      1.00      1.00         5

    accuracy                           1.00        12
   macro avg       1.00      1.00      1.00        12
weighted avg       1.00      1.00      1.00        12

[INFO] Incrementally trained SGD model with 12 new samples.
[INFO] Training finished at 2025-05-26 18:30:04.744095
[INFO] Current working directory: /Users/anishanand
[INFO] Training started at 2025-05-26 18:32:03.284461
[DEBUG] Rows before filtering Risk_Category: 51
== All original Risk_Category values ==
Risk_Category
NaN          39
High Risk     7
Low Risk      5
Name: count, dtype: int64
== After cleaning/stripping ==
Risk_Category
nan          39
High Risk     7
Low Risk      5
Name: count, dtype: int64
[DEBUG] Rows after filtering Risk_Category: 12
[INFO] Accuracy on incremental batch: 1.0000
[INFO] Classification Report on incremental batch:
              precision    recall  f1-score   support

   High Risk       1.00      1.00      1.00         7
    Low Risk       1.00      1.00      1.00         5

    accuracy                           1.00        12
   macro avg       1.00      1.00      1.00        12
weighted avg       1.00      1.00      1.00        12

[INFO] Incrementally trained SGD model with 12 new samples.
[INFO] Training finished at 2025-05-26 18:32:03.464561
/Users/anishanand/.pyenv/versions/3.10.13/lib/python3.10/site-packages/sklearn/metrics/_classification.py:1565: UndefinedMetricWarning: Precision is ill-defined and being set to 0.0 in labels with no predicted samples. Use `zero_division` parameter to control this behavior.
  _warn_prf(average, modifier, f"{metric.capitalize()} is", len(result))
/Users/anishanand/.pyenv/versions/3.10.13/lib/python3.10/site-packages/sklearn/metrics/_classification.py:1565: UndefinedMetricWarning: Precision is ill-defined and being set to 0.0 in labels with no predicted samples. Use `zero_division` parameter to control this behavior.
  _warn_prf(average, modifier, f"{metric.capitalize()} is", len(result))
/Users/anishanand/.pyenv/versions/3.10.13/lib/python3.10/site-packages/sklearn/metrics/_classification.py:1565: UndefinedMetricWarning: Precision is ill-defined and being set to 0.0 in labels with no predicted samples. Use `zero_division` parameter to control this behavior.
  _warn_prf(average, modifier, f"{metric.capitalize()} is", len(result))
[INFO] Current working directory: /Users/anishanand
[INFO] Training started at 2025-05-26 18:34:04.307506
[DEBUG] Rows before filtering Risk_Category: 51
== All original Risk_Category values ==
Risk_Category
NaN          39
High Risk     7
Low Risk      5
Name: count, dtype: int64
== After cleaning/stripping ==
Risk_Category
nan          39
High Risk     7
Low Risk      5
Name: count, dtype: int64
[DEBUG] Rows after filtering Risk_Category: 12
[INFO] Accuracy on incremental batch: 0.4167
[INFO] Classification Report on incremental batch:
              precision    recall  f1-score   support

   High Risk       0.00      0.00      0.00         7
    Low Risk       0.42      1.00      0.59         5

    accuracy                           0.42        12
   macro avg       0.21      0.50      0.29        12
weighted avg       0.17      0.42      0.25        12

[INFO] Incrementally trained SGD model with 12 new samples.
[INFO] Training finished at 2025-05-26 18:34:04.509335
[INFO] Current working directory: /Users/anishanand
[INFO] Training started at 2025-05-26 18:36:04.377611
[DEBUG] Rows before filtering Risk_Category: 2
== All original Risk_Category values ==
Risk_Category
Low Risk    2
Name: count, dtype: int64
== After cleaning/stripping ==
Risk_Category
Low Risk    2
Name: count, dtype: int64
[DEBUG] Rows after filtering Risk_Category: 2
[INFO] Accuracy on incremental batch: 1.0000
Traceback (most recent call last):
  File "/Users/anishanand/JeevaFitApp/lightSgd/incremental.py", line 143, in <module>
    incremental_train_sgd(
  File "/Users/anishanand/JeevaFitApp/lightSgd/incremental.py", line 133, in incremental_train_sgd
    report = classification_report(y_new, y_pred, target_names=le_risk.classes_)
  File "/Users/anishanand/.pyenv/versions/3.10.13/lib/python3.10/site-packages/sklearn/utils/_param_validation.py", line 216, in wrapper
    return func(*args, **kwargs)
  File "/Users/anishanand/.pyenv/versions/3.10.13/lib/python3.10/site-packages/sklearn/metrics/_classification.py", line 2693, in classification_report
    raise ValueError(
ValueError: Number of classes, 1, does not match size of target_names, 2. Try specifying the labels parameter
/Users/anishanand/.pyenv/versions/3.10.13/lib/python3.10/site-packages/sklearn/metrics/_classification.py:1565: UndefinedMetricWarning: Precision is ill-defined and being set to 0.0 in labels with no predicted samples. Use `zero_division` parameter to control this behavior.
  _warn_prf(average, modifier, f"{metric.capitalize()} is", len(result))
/Users/anishanand/.pyenv/versions/3.10.13/lib/python3.10/site-packages/sklearn/metrics/_classification.py:1565: UndefinedMetricWarning: Precision is ill-defined and being set to 0.0 in labels with no predicted samples. Use `zero_division` parameter to control this behavior.
  _warn_prf(average, modifier, f"{metric.capitalize()} is", len(result))
/Users/anishanand/.pyenv/versions/3.10.13/lib/python3.10/site-packages/sklearn/metrics/_classification.py:1565: UndefinedMetricWarning: Precision is ill-defined and being set to 0.0 in labels with no predicted samples. Use `zero_division` parameter to control this behavior.
  _warn_prf(average, modifier, f"{metric.capitalize()} is", len(result))
[INFO] Current working directory: /Users/anishanand
[INFO] Training started at 2025-05-26 18:38:04.392981
[DEBUG] Rows before filtering Risk_Category: 4
== All original Risk_Category values ==
Risk_Category
Low Risk     3
High Risk    1
Name: count, dtype: int64
== After cleaning/stripping ==
Risk_Category
Low Risk     3
High Risk    1
Name: count, dtype: int64
[DEBUG] Rows after filtering Risk_Category: 4
[INFO] Accuracy on incremental batch: 0.7500
[INFO] Classification Report on incremental batch:
              precision    recall  f1-score   support

   High Risk       0.00      0.00      0.00         1
    Low Risk       0.75      1.00      0.86         3

    accuracy                           0.75         4
   macro avg       0.38      0.50      0.43         4
weighted avg       0.56      0.75      0.64         4

[INFO] Incrementally trained SGD model with 4 new samples.
[INFO] Training finished at 2025-05-26 18:38:04.592771
/Users/anishanand/.pyenv/versions/3.10.13/lib/python3.10/site-packages/sklearn/metrics/_classification.py:1565: UndefinedMetricWarning: Precision is ill-defined and being set to 0.0 in labels with no predicted samples. Use `zero_division` parameter to control this behavior.
  _warn_prf(average, modifier, f"{metric.capitalize()} is", len(result))
/Users/anishanand/.pyenv/versions/3.10.13/lib/python3.10/site-packages/sklearn/metrics/_classification.py:1565: UndefinedMetricWarning: Precision is ill-defined and being set to 0.0 in labels with no predicted samples. Use `zero_division` parameter to control this behavior.
  _warn_prf(average, modifier, f"{metric.capitalize()} is", len(result))
/Users/anishanand/.pyenv/versions/3.10.13/lib/python3.10/site-packages/sklearn/metrics/_classification.py:1565: UndefinedMetricWarning: Precision is ill-defined and being set to 0.0 in labels with no predicted samples. Use `zero_division` parameter to control this behavior.
  _warn_prf(average, modifier, f"{metric.capitalize()} is", len(result))
[INFO] Current working directory: /Users/anishanand
[INFO] Training started at 2025-05-26 18:40:04.765972
[DEBUG] Rows before filtering Risk_Category: 7
== All original Risk_Category values ==
Risk_Category
High Risk    4
Low Risk     3
Name: count, dtype: int64
== After cleaning/stripping ==
Risk_Category
High Risk    4
Low Risk     3
Name: count, dtype: int64
[DEBUG] Rows after filtering Risk_Category: 7
[INFO] Accuracy on incremental batch: 0.4286
[INFO] Classification Report on incremental batch:
              precision    recall  f1-score   support

   High Risk       0.00      0.00      0.00         4
    Low Risk       0.43      1.00      0.60         3

    accuracy                           0.43         7
   macro avg       0.21      0.50      0.30         7
weighted avg       0.18      0.43      0.26         7

[INFO] Incrementally trained SGD model with 7 new samples.
[INFO] Training finished at 2025-05-26 18:40:04.972272
/Users/anishanand/.pyenv/versions/3.10.13/lib/python3.10/site-packages/sklearn/metrics/_classification.py:1565: UndefinedMetricWarning: Precision is ill-defined and being set to 0.0 in labels with no predicted samples. Use `zero_division` parameter to control this behavior.
  _warn_prf(average, modifier, f"{metric.capitalize()} is", len(result))
/Users/anishanand/.pyenv/versions/3.10.13/lib/python3.10/site-packages/sklearn/metrics/_classification.py:1565: UndefinedMetricWarning: Precision is ill-defined and being set to 0.0 in labels with no predicted samples. Use `zero_division` parameter to control this behavior.
  _warn_prf(average, modifier, f"{metric.capitalize()} is", len(result))
/Users/anishanand/.pyenv/versions/3.10.13/lib/python3.10/site-packages/sklearn/metrics/_classification.py:1565: UndefinedMetricWarning: Precision is ill-defined and being set to 0.0 in labels with no predicted samples. Use `zero_division` parameter to control this behavior.
  _warn_prf(average, modifier, f"{metric.capitalize()} is", len(result))
[INFO] Current working directory: /Users/anishanand
[INFO] Training started at 2025-05-26 18:42:03.757497
[DEBUG] Rows before filtering Risk_Category: 9
== All original Risk_Category values ==
Risk_Category
High Risk    5
Low Risk     4
Name: count, dtype: int64
== After cleaning/stripping ==
Risk_Category
High Risk    5
Low Risk     4
Name: count, dtype: int64
[DEBUG] Rows after filtering Risk_Category: 9
[INFO] Accuracy on incremental batch: 0.4444
[INFO] Classification Report on incremental batch:
              precision    recall  f1-score   support

   High Risk       0.00      0.00      0.00         5
    Low Risk       0.44      1.00      0.62         4

    accuracy                           0.44         9
   macro avg       0.22      0.50      0.31         9
weighted avg       0.20      0.44      0.27         9

[INFO] Incrementally trained SGD model with 9 new samples.
[INFO] Training finished at 2025-05-26 18:42:03.957735
/Users/anishanand/.pyenv/versions/3.10.13/lib/python3.10/site-packages/sklearn/metrics/_classification.py:1565: UndefinedMetricWarning: Precision is ill-defined and being set to 0.0 in labels with no predicted samples. Use `zero_division` parameter to control this behavior.
  _warn_prf(average, modifier, f"{metric.capitalize()} is", len(result))
/Users/anishanand/.pyenv/versions/3.10.13/lib/python3.10/site-packages/sklearn/metrics/_classification.py:1565: UndefinedMetricWarning: Precision is ill-defined and being set to 0.0 in labels with no predicted samples. Use `zero_division` parameter to control this behavior.
  _warn_prf(average, modifier, f"{metric.capitalize()} is", len(result))
/Users/anishanand/.pyenv/versions/3.10.13/lib/python3.10/site-packages/sklearn/metrics/_classification.py:1565: UndefinedMetricWarning: Precision is ill-defined and being set to 0.0 in labels with no predicted samples. Use `zero_division` parameter to control this behavior.
  _warn_prf(average, modifier, f"{metric.capitalize()} is", len(result))
[INFO] Current working directory: /Users/anishanand
[INFO] Training started at 2025-05-26 18:44:03.679136
[DEBUG] Rows before filtering Risk_Category: 10
== All original Risk_Category values ==
Risk_Category
Low Risk     5
High Risk    5
Name: count, dtype: int64
== After cleaning/stripping ==
Risk_Category
Low Risk     5
High Risk    5
Name: count, dtype: int64
[DEBUG] Rows after filtering Risk_Category: 10
[INFO] Accuracy on incremental batch: 0.5000
[INFO] Classification Report on incremental batch:
              precision    recall  f1-score   support

   High Risk       0.00      0.00      0.00         5
    Low Risk       0.50      1.00      0.67         5

    accuracy                           0.50        10
   macro avg       0.25      0.50      0.33        10
weighted avg       0.25      0.50      0.33        10

[INFO] Incrementally trained SGD model with 10 new samples.
[INFO] Training finished at 2025-05-26 18:44:03.873770
/Users/anishanand/.pyenv/versions/3.10.13/lib/python3.10/site-packages/sklearn/metrics/_classification.py:1565: UndefinedMetricWarning: Precision is ill-defined and being set to 0.0 in labels with no predicted samples. Use `zero_division` parameter to control this behavior.
  _warn_prf(average, modifier, f"{metric.capitalize()} is", len(result))
/Users/anishanand/.pyenv/versions/3.10.13/lib/python3.10/site-packages/sklearn/metrics/_classification.py:1565: UndefinedMetricWarning: Precision is ill-defined and being set to 0.0 in labels with no predicted samples. Use `zero_division` parameter to control this behavior.
  _warn_prf(average, modifier, f"{metric.capitalize()} is", len(result))
/Users/anishanand/.pyenv/versions/3.10.13/lib/python3.10/site-packages/sklearn/metrics/_classification.py:1565: UndefinedMetricWarning: Precision is ill-defined and being set to 0.0 in labels with no predicted samples. Use `zero_division` parameter to control this behavior.
  _warn_prf(average, modifier, f"{metric.capitalize()} is", len(result))
[INFO] Current working directory: /Users/anishanand
[INFO] Training started at 2025-05-26 18:46:03.546025
[DEBUG] Rows before filtering Risk_Category: 10
== All original Risk_Category values ==
Risk_Category
Low Risk     5
High Risk    5
Name: count, dtype: int64
== After cleaning/stripping ==
Risk_Category
Low Risk     5
High Risk    5
Name: count, dtype: int64
[DEBUG] Rows after filtering Risk_Category: 10
[INFO] Accuracy on incremental batch: 0.5000
[INFO] Classification Report on incremental batch:
              precision    recall  f1-score   support

   High Risk       0.00      0.00      0.00         5
    Low Risk       0.50      1.00      0.67         5

    accuracy                           0.50        10
   macro avg       0.25      0.50      0.33        10
weighted avg       0.25      0.50      0.33        10

[INFO] Incrementally trained SGD model with 10 new samples.
[INFO] Training finished at 2025-05-26 18:46:03.735608
/Users/anishanand/.pyenv/versions/3.10.13/lib/python3.10/site-packages/sklearn/metrics/_classification.py:1565: UndefinedMetricWarning: Precision is ill-defined and being set to 0.0 in labels with no predicted samples. Use `zero_division` parameter to control this behavior.
  _warn_prf(average, modifier, f"{metric.capitalize()} is", len(result))
/Users/anishanand/.pyenv/versions/3.10.13/lib/python3.10/site-packages/sklearn/metrics/_classification.py:1565: UndefinedMetricWarning: Precision is ill-defined and being set to 0.0 in labels with no predicted samples. Use `zero_division` parameter to control this behavior.
  _warn_prf(average, modifier, f"{metric.capitalize()} is", len(result))
/Users/anishanand/.pyenv/versions/3.10.13/lib/python3.10/site-packages/sklearn/metrics/_classification.py:1565: UndefinedMetricWarning: Precision is ill-defined and being set to 0.0 in labels with no predicted samples. Use `zero_division` parameter to control this behavior.
  _warn_prf(average, modifier, f"{metric.capitalize()} is", len(result))
[INFO] Current working directory: /Users/anishanand
[INFO] Training started at 2025-05-26 18:48:03.839553
[DEBUG] Rows before filtering Risk_Category: 10
== All original Risk_Category values ==
Risk_Category
Low Risk     5
High Risk    5
Name: count, dtype: int64
== After cleaning/stripping ==
Risk_Category
Low Risk     5
High Risk    5
Name: count, dtype: int64
[DEBUG] Rows after filtering Risk_Category: 10
[INFO] Accuracy on incremental batch: 0.5000
[INFO] Classification Report on incremental batch:
              precision    recall  f1-score   support

   High Risk       0.00      0.00      0.00         5
    Low Risk       0.50      1.00      0.67         5

    accuracy                           0.50        10
   macro avg       0.25      0.50      0.33        10
weighted avg       0.25      0.50      0.33        10

[INFO] Incrementally trained SGD model with 10 new samples.
[INFO] Training finished at 2025-05-26 18:48:04.071274
/Users/anishanand/.pyenv/versions/3.10.13/lib/python3.10/site-packages/sklearn/metrics/_classification.py:1565: UndefinedMetricWarning: Precision is ill-defined and being set to 0.0 in labels with no predicted samples. Use `zero_division` parameter to control this behavior.
  _warn_prf(average, modifier, f"{metric.capitalize()} is", len(result))
/Users/anishanand/.pyenv/versions/3.10.13/lib/python3.10/site-packages/sklearn/metrics/_classification.py:1565: UndefinedMetricWarning: Precision is ill-defined and being set to 0.0 in labels with no predicted samples. Use `zero_division` parameter to control this behavior.
  _warn_prf(average, modifier, f"{metric.capitalize()} is", len(result))
/Users/anishanand/.pyenv/versions/3.10.13/lib/python3.10/site-packages/sklearn/metrics/_classification.py:1565: UndefinedMetricWarning: Precision is ill-defined and being set to 0.0 in labels with no predicted samples. Use `zero_division` parameter to control this behavior.
  _warn_prf(average, modifier, f"{metric.capitalize()} is", len(result))
[INFO] Current working directory: /Users/anishanand
[INFO] Training started at 2025-05-26 18:50:04.315461
[DEBUG] Rows before filtering Risk_Category: 10
== All original Risk_Category values ==
Risk_Category
Low Risk     5
High Risk    5
Name: count, dtype: int64
== After cleaning/stripping ==
Risk_Category
Low Risk     5
High Risk    5
Name: count, dtype: int64
[DEBUG] Rows after filtering Risk_Category: 10
[INFO] Accuracy on incremental batch: 0.5000
[INFO] Classification Report on incremental batch:
              precision    recall  f1-score   support

   High Risk       0.00      0.00      0.00         5
    Low Risk       0.50      1.00      0.67         5

    accuracy                           0.50        10
   macro avg       0.25      0.50      0.33        10
weighted avg       0.25      0.50      0.33        10

[INFO] Incrementally trained SGD model with 10 new samples.
[INFO] Training finished at 2025-05-26 18:50:04.553899
/Users/anishanand/.pyenv/versions/3.10.13/lib/python3.10/site-packages/sklearn/metrics/_classification.py:1565: UndefinedMetricWarning: Precision is ill-defined and being set to 0.0 in labels with no predicted samples. Use `zero_division` parameter to control this behavior.
  _warn_prf(average, modifier, f"{metric.capitalize()} is", len(result))
/Users/anishanand/.pyenv/versions/3.10.13/lib/python3.10/site-packages/sklearn/metrics/_classification.py:1565: UndefinedMetricWarning: Precision is ill-defined and being set to 0.0 in labels with no predicted samples. Use `zero_division` parameter to control this behavior.
  _warn_prf(average, modifier, f"{metric.capitalize()} is", len(result))
/Users/anishanand/.pyenv/versions/3.10.13/lib/python3.10/site-packages/sklearn/metrics/_classification.py:1565: UndefinedMetricWarning: Precision is ill-defined and being set to 0.0 in labels with no predicted samples. Use `zero_division` parameter to control this behavior.
  _warn_prf(average, modifier, f"{metric.capitalize()} is", len(result))
[INFO] Current working directory: /Users/anishanand
[INFO] Training started at 2025-05-26 18:52:04.273933
[DEBUG] Rows before filtering Risk_Category: 10
== All original Risk_Category values ==
Risk_Category
Low Risk     5
High Risk    5
Name: count, dtype: int64
== After cleaning/stripping ==
Risk_Category
Low Risk     5
High Risk    5
Name: count, dtype: int64
[DEBUG] Rows after filtering Risk_Category: 10
[INFO] Accuracy on incremental batch: 0.5000
[INFO] Classification Report on incremental batch:
              precision    recall  f1-score   support

   High Risk       0.00      0.00      0.00         5
    Low Risk       0.50      1.00      0.67         5

    accuracy                           0.50        10
   macro avg       0.25      0.50      0.33        10
weighted avg       0.25      0.50      0.33        10

[INFO] Incrementally trained SGD model with 10 new samples.
[INFO] Training finished at 2025-05-26 18:52:04.496608
Predicted label counts:
1    10
Name: count, dtype: int64
True labels:
1    5
0    5
Name: count, dtype: int64
/Users/anishanand/.pyenv/versions/3.10.13/lib/python3.10/site-packages/sklearn/metrics/_classification.py:1565: UndefinedMetricWarning: Precision is ill-defined and being set to 0.0 in labels with no predicted samples. Use `zero_division` parameter to control this behavior.
  _warn_prf(average, modifier, f"{metric.capitalize()} is", len(result))
/Users/anishanand/.pyenv/versions/3.10.13/lib/python3.10/site-packages/sklearn/metrics/_classification.py:1565: UndefinedMetricWarning: Precision is ill-defined and being set to 0.0 in labels with no predicted samples. Use `zero_division` parameter to control this behavior.
  _warn_prf(average, modifier, f"{metric.capitalize()} is", len(result))
/Users/anishanand/.pyenv/versions/3.10.13/lib/python3.10/site-packages/sklearn/metrics/_classification.py:1565: UndefinedMetricWarning: Precision is ill-defined and being set to 0.0 in labels with no predicted samples. Use `zero_division` parameter to control this behavior.
  _warn_prf(average, modifier, f"{metric.capitalize()} is", len(result))
[INFO] Current working directory: /Users/anishanand
[INFO] Training started at 2025-05-26 18:54:04.548832
[DEBUG] Rows before filtering Risk_Category: 10
== All original Risk_Category values ==
Risk_Category
Low Risk     5
High Risk    5
Name: count, dtype: int64
== After cleaning/stripping ==
Risk_Category
Low Risk     5
High Risk    5
Name: count, dtype: int64
[DEBUG] Rows after filtering Risk_Category: 10
[INFO] Accuracy on incremental batch: 0.5000
[INFO] Classification Report on incremental batch:
              precision    recall  f1-score   support

   High Risk       0.00      0.00      0.00         5
    Low Risk       0.50      1.00      0.67         5

    accuracy                           0.50        10
   macro avg       0.25      0.50      0.33        10
weighted avg       0.25      0.50      0.33        10

[INFO] Incrementally trained SGD model with 10 new samples.
[INFO] Training finished at 2025-05-26 18:54:04.775423
Predicted label counts:
1    10
Name: count, dtype: int64
True labels:
1    5
0    5
Name: count, dtype: int64
Label encoder classes: ['High Risk' 'Low Risk']
Predicted labels: [1 1 1 1 1 1 1 1 1 1]
True labels: [1 1 1 0 0 0 0 0 1 1]
/Users/anishanand/.pyenv/versions/3.10.13/lib/python3.10/site-packages/sklearn/metrics/_classification.py:1565: UndefinedMetricWarning: Precision is ill-defined and being set to 0.0 in labels with no predicted samples. Use `zero_division` parameter to control this behavior.
  _warn_prf(average, modifier, f"{metric.capitalize()} is", len(result))
/Users/anishanand/.pyenv/versions/3.10.13/lib/python3.10/site-packages/sklearn/metrics/_classification.py:1565: UndefinedMetricWarning: Precision is ill-defined and being set to 0.0 in labels with no predicted samples. Use `zero_division` parameter to control this behavior.
  _warn_prf(average, modifier, f"{metric.capitalize()} is", len(result))
/Users/anishanand/.pyenv/versions/3.10.13/lib/python3.10/site-packages/sklearn/metrics/_classification.py:1565: UndefinedMetricWarning: Precision is ill-defined and being set to 0.0 in labels with no predicted samples. Use `zero_division` parameter to control this behavior.
  _warn_prf(average, modifier, f"{metric.capitalize()} is", len(result))
[INFO] Current working directory: /Users/anishanand
[INFO] Training started at 2025-05-26 18:56:03.873012
[DEBUG] Rows before filtering Risk_Category: 10
== All original Risk_Category values ==
Risk_Category
Low Risk     5
High Risk    5
Name: count, dtype: int64
== After cleaning/stripping ==
Risk_Category
Low Risk     5
High Risk    5
Name: count, dtype: int64
[DEBUG] Rows after filtering Risk_Category: 10
[INFO] Accuracy on incremental batch: 0.5000
[INFO] Classification Report on incremental batch:
              precision    recall  f1-score   support

   High Risk       0.00      0.00      0.00         5
    Low Risk       0.50      1.00      0.67         5

    accuracy                           0.50        10
   macro avg       0.25      0.50      0.33        10
weighted avg       0.25      0.50      0.33        10

[INFO] Incrementally trained SGD model with 10 new samples.
[INFO] Training finished at 2025-05-26 18:56:04.097712
Predicted label counts:
1    10
Name: count, dtype: int64
True labels:
1    5
0    5
Name: count, dtype: int64
Label encoder classes: ['High Risk' 'Low Risk']
Predicted labels: [1 1 1 1 1 1 1 1 1 1]
True labels: [1 1 1 0 0 0 0 0 1 1]
